akmod-nvidia
albert
anaconda
awscli
broadcom-wl
chrome-gnome-shell
clang6.0-libs
compat-openssl10
daxctl-libs
dbus-common
dbus-daemon
dbus-tools
dconf-editor
dnf-data
docker-compose
dotnet-sdk-2.2
dotnet-sdk-3.1
dracut-live
efi-filesystem
efi-srpm-macros
egl-wayland
entr
espeak-ng
f29-backgrounds-base
f29-backgrounds-gnome
fedora-repos-rawhide
fedora-workstation-repositories
ffmpeg
freerdp-libs
gcc-c++
gconf-editor
gegl04
geolite2-city
geolite2-country
gimp
git-lfs
gnome-remote-desktop
gnome-tweak-tool
google-chrome-stable
gpick
inotify-tools
java-1.8.0-openjdk
java-1.8.0-openjdk-devel
javapackages-filesystem
kdump-anaconda-addon
kitty
kmod-nvidia-4.20.11-200.fc29.x86_64
kmod-nvidia-4.20.13-200.fc29.x86_64
kmod-nvidia-5.0.5-200.fc29.x86_64
kmod-wl-4.20.11-200.fc29.x86_64
kmod-wl-4.20.13-200.fc29.x86_64
kmod-wl-5.0.5-200.fc29.x86_64
kvm
langpacks-en
libblkid-devel
libblockdev-nvdimm
libblockdev-vdo
libglvnd
libglvnd-egl
libglvnd-gles
libglvnd-glx
libglvnd-opengl
libgomp
libibumad
libimagequant
libknet1
libknet1-crypto-nss-plugin
libmaxminddb
libmodulemd1
libmount-devel
libmypaint
libnftnl
libnumbertext
libshaderc
libtomcrypt
libtommath
libtool
libuuid-devel
libva
libvdpau
libvirt-daemon-driver-storage-iscsi-direct
libvmaf
libwayland-client
libwayland-server
libwinpr
libxcrypt-compat
libXdamage
libxml2-devel
libxml++-devel
libXxf86vm
llvm6.0-libs
lmdb-libs
mariadb-connector-c-config
memtest86+
mesa-libEGL
mesa-libgbm
mesa-libGL
mesa-libGLES
moby-engine
mozjs60
mypaint-brushes
nano
ndctl
ndctl-libs
netconsole-service
network-scripts
network-scripts-ppp
network-scripts-teamd
nftables
nodejs
nuvolaruntime
openblas
openblas-serial
openssl-devel
pangox-compat
pcaudiolib
pgdg-fedora11
playonlinux
postgresql11-server
powerline
powerline-fonts
powershell
pugixml
python2-devel
python3-crypto
python3-devel
python3-distro
python3-dnf-plugin-system-upgrade
python3-libdnf
python3-paste
python3-productmd
python3-pyyaml
python3-tempita
python3-unbound
python-pip-wheel
python-setuptools-wheel
python-unversioned-command
qemu
qemu-audio-alsa
qemu-audio-oss
qemu-audio-pa
qemu-audio-sdl
qemu-ui-curses
qemu-ui-gtk
qemu-ui-sdl
readonly-root
rpmfusion-free-appstream-data
rpmfusion-free-release
rpmfusion-nonfree-appstream-data
rpmfusion-nonfree-release
ruby-devel
ruby-devel
seahorse
simple-mtpfs
simplescreenrecorder
slack
snapd
speech-dispatcher-espeak-ng
spotify-client
syslinux
texlive-lib
tldr
tpm2-abrmd-selinux
unbound-libs
units
util-linux-user
virt-manager
vlc
whois-mkpasswd
whois-nls
wine
wine-arial-fonts
wine-times-new-roman-fonts
winetricks
WoeUSB
xdg-dbus-proxy
xinput_calibrator
xkbset
xkeycaps
xorg-x11-drv-nvidia-libs
yarn
zsh
zsh-completions
